<?xml version="1.0" encoding="UTF-8"?>
<testng-results ignored="0" total="1" passed="1" failed="0" skipped="0">
  <reporter-output>
  </reporter-output>
  <suite started-at="2025-03-12T15:54:01 IST" name="Suite" finished-at="2025-03-12T15:54:51 IST" duration-ms="49677">
    <groups>
    </groups>
    <test started-at="2025-03-12T15:54:01 IST" name="Test" finished-at="2025-03-12T15:54:51 IST" duration-ms="49677">
      <class name="com.wipro.selenium_maven.Globalsqa">
        <test-method signature="slido()[pri:0, instance:com.wipro.selenium_maven.Globalsqa@3c9d0b9d]" started-at="2025-03-12T15:54:02 IST" name="slido" finished-at="2025-03-12T15:54:51 IST" duration-ms="49613" status="PASS">
          <reporter-output>
          </reporter-output>
        </test-method> <!-- slido -->
      </class> <!-- com.wipro.selenium_maven.Globalsqa -->
    </test> <!-- Test -->
  </suite> <!-- Suite -->
</testng-results>
