<?xml version="1.0" encoding="UTF-8"?>
<testsuite xmlns:xsi="http://www.w3.org/2001/XMLSchema-instance" xsi:noNamespaceSchemaLocation="https://maven.apache.org/surefire/maven-surefire-plugin/xsd/surefire-test-report.xsd" version="3.0.2" name="TestSuite" time="50.499" tests="1" errors="0" skipped="0" failures="0">
  <properties>
[...]
</properties>
  <testcase name="slido" classname="com.wipro.selenium_maven.Globalsqa" time="49.621">
    <system-out><![CDATA[location of the max slider :(314, 71)
location of the max slider :(114, 71)
selected color is: Color: rgba(85, 140, 60, 1)
]]></system-out>
    <system-err><![CDATA[Mar 12, 2025 3:54:07 PM org.openqa.selenium.devtools.CdpVersionFinder findNearestMatch
WARNING: Unable to find an exact match for CDP version 134, returning the closest version; found: 133; Please update to a Selenium version that supports CDP version 134
]]></system-err>
  </testcase>
</testsuite>