<?xml version="1.0" encoding="UTF-8"?>
<testng-results ignored="0" total="1" passed="1" failed="0" skipped="0">
  <reporter-output>
  </reporter-output>
  <suite started-at="2025-03-12T14:00:35 IST" name="Default suite" finished-at="2025-03-12T14:01:23 IST" duration-ms="48374">
    <groups>
    </groups>
    <test started-at="2025-03-12T14:00:35 IST" name="Default test" finished-at="2025-03-12T14:01:23 IST" duration-ms="48374">
      <class name="com.wipro.selenium_maven.Globalsqa">
        <test-method signature="slido()[pri:0, instance:com.wipro.selenium_maven.Globalsqa@7671cb68]" started-at="2025-03-12T14:00:35 IST" name="slido" finished-at="2025-03-12T14:01:23 IST" duration-ms="48303" status="PASS">
          <reporter-output>
          </reporter-output>
        </test-method> <!-- slido -->
      </class> <!-- com.wipro.selenium_maven.Globalsqa -->
    </test> <!-- Default test -->
  </suite> <!-- Default suite -->
</testng-results>
